<?xml version="1.0" encoding="UTF-8"?>
<!-- Generated by org.testng.reporters.JUnitReportReporter -->
<testsuite skipped="0" hostname="TYSS-4F-057" name="Scripts.metjod" tests="1" failures="0" timestamp="01 Dec 2017 11:09:42 GMT" time="0.008" errors="0">
  <testcase name="asghajk" time="0.008" classname="Scripts.metjod"/>
</testsuite> <!-- Scripts.metjod -->
